<?xml version="1.0" encoding="UTF-8"?>
<!-- Generated by org.testng.reporters.JUnitReportReporter -->
<testsuite hostname="apples-MacBook-Pro.local" failures="0" tests="1" name="LoginTest.LoginTest" time="20.995" errors="0" timestamp="2025-01-29T19:01:29 IST" skipped="0">
  <testcase classname="LoginTest.LoginTest" name="initiateDriver" time="20.995"/>
</testsuite> <!-- LoginTest.LoginTest -->
