<?xml version="1.0" encoding="UTF-8"?>
<!-- Generated by org.testng.reporters.JUnitReportReporter -->
<testsuite hostname="apples-MacBook-Pro.local" failures="0" tests="1" name="OrangeHRM" time="16.020" errors="0" timestamp="2025-01-28T10:04:14 IST" skipped="0">
  <testcase classname="OrangeHRM" name="initiateDriver" time="16.020"/>
</testsuite> <!-- OrangeHRM -->
